<?xml version="1.0" encoding="UTF-8"?>
<!-- Generated by org.testng.reporters.JUnitXMLReporter -->
<testsuite hostname="SSRIVASTAVLT2" ignored="0" name="Test" tests="4" failures="0" timestamp="18 Nov 2019 21:35:02 GMT" time="64.895" errors="0">
  <testcase name="f1" time="0.007" classname="testNG.TestAnnotations"/>
  <testcase name="f2" time="0.001" classname="testNG.TestAnnotations"/>
  <testcase name="openBrowser" time="21.746" classname="testNG.TestDependency"/>
  <testcase name="login" time="10.424" classname="testNG.TestDependency"/>
</testsuite> <!-- Test -->
