<?xml version="1.0" encoding="UTF-8"?>
<testng-results skipped="0" failed="0" ignored="0" total="4" passed="4">
  <reporter-output>
  </reporter-output>
  <suite name="Suite" duration-ms="64895" started-at="2019-11-18T21:33:57Z" finished-at="2019-11-18T21:35:02Z">
    <groups>
    </groups>
    <test name="Test" duration-ms="64895" started-at="2019-11-18T21:33:57Z" finished-at="2019-11-18T21:35:02Z">
      <class name="testNG.TestAnnotations">
        <test-method status="PASS" signature="bat()[pri:0, instance:testNG.TestAnnotations@6121c9d6]" name="bat" is-config="true" duration-ms="32673" started-at="2019-11-18T21:33:57Z" finished-at="2019-11-18T21:34:30Z">
          <reporter-output>
          </reporter-output>
        </test-method> <!-- bat -->
        <test-method status="PASS" signature="bc()[pri:0, instance:testNG.TestAnnotations@6121c9d6]" name="bc" is-config="true" duration-ms="0" started-at="2019-11-18T21:34:30Z" finished-at="2019-11-18T21:34:30Z">
          <reporter-output>
          </reporter-output>
        </test-method> <!-- bc -->
        <test-method status="PASS" signature="f1()[pri:0, instance:testNG.TestAnnotations@6121c9d6]" name="f1" duration-ms="7" started-at="2019-11-18T21:34:30Z" finished-at="2019-11-18T21:34:30Z">
          <reporter-output>
          </reporter-output>
        </test-method> <!-- f1 -->
        <test-method status="PASS" signature="bm()[pri:0, instance:testNG.TestAnnotations@6121c9d6]" name="bm" is-config="true" duration-ms="0" started-at="2019-11-18T21:34:30Z" finished-at="2019-11-18T21:34:30Z">
          <reporter-output>
          </reporter-output>
        </test-method> <!-- bm -->
        <test-method status="PASS" signature="am()[pri:0, instance:testNG.TestAnnotations@6121c9d6]" name="am" is-config="true" duration-ms="0" started-at="2019-11-18T21:34:30Z" finished-at="2019-11-18T21:34:30Z">
          <reporter-output>
          </reporter-output>
        </test-method> <!-- am -->
        <test-method status="PASS" signature="bm()[pri:0, instance:testNG.TestAnnotations@6121c9d6]" name="bm" is-config="true" duration-ms="1" started-at="2019-11-18T21:34:30Z" finished-at="2019-11-18T21:34:30Z">
          <reporter-output>
          </reporter-output>
        </test-method> <!-- bm -->
        <test-method status="PASS" signature="f2()[pri:0, instance:testNG.TestAnnotations@6121c9d6]" name="f2" duration-ms="1" started-at="2019-11-18T21:34:30Z" finished-at="2019-11-18T21:34:30Z">
          <reporter-output>
          </reporter-output>
        </test-method> <!-- f2 -->
        <test-method status="PASS" signature="ac()[pri:0, instance:testNG.TestAnnotations@6121c9d6]" name="ac" is-config="true" duration-ms="0" started-at="2019-11-18T21:34:30Z" finished-at="2019-11-18T21:34:30Z">
          <reporter-output>
          </reporter-output>
        </test-method> <!-- ac -->
        <test-method status="PASS" signature="am()[pri:0, instance:testNG.TestAnnotations@6121c9d6]" name="am" is-config="true" duration-ms="0" started-at="2019-11-18T21:34:30Z" finished-at="2019-11-18T21:34:30Z">
          <reporter-output>
          </reporter-output>
        </test-method> <!-- am -->
        <test-method status="PASS" signature="aat()[pri:0, instance:testNG.TestAnnotations@6121c9d6]" name="aat" is-config="true" duration-ms="0" started-at="2019-11-18T21:35:02Z" finished-at="2019-11-18T21:35:02Z">
          <reporter-output>
          </reporter-output>
        </test-method> <!-- aat -->
      </class> <!-- testNG.TestAnnotations -->
      <class name="testNG.TestDependency">
        <test-method status="PASS" signature="openBrowser()[pri:0, instance:testNG.TestDependency@87f383f]" name="openBrowser" duration-ms="21746" started-at="2019-11-18T21:34:30Z" finished-at="2019-11-18T21:34:51Z">
          <reporter-output>
          </reporter-output>
        </test-method> <!-- openBrowser -->
        <test-method status="PASS" signature="login()[pri:0, instance:testNG.TestDependency@87f383f]" name="login" duration-ms="10424" started-at="2019-11-18T21:34:51Z" depends-on-methods="testNG.TestDependency.openBrowser" finished-at="2019-11-18T21:35:02Z">
          <reporter-output>
          </reporter-output>
        </test-method> <!-- login -->
      </class> <!-- testNG.TestDependency -->
    </test> <!-- Test -->
  </suite> <!-- Suite -->
</testng-results>
